<?xml version="1.0" encoding="UTF-8"?>
<!-- Generated by org.testng.reporters.JUnitXMLReporter -->
<testsuite ignored="0" hostname="DESKTOP-CO1JOQ6" failures="0" tests="10" name="Default test" time="11.586" errors="0" timestamp="2023-02-15T22:56:43 GST">
  <testcase classname="MyTests" name="FooterPictureTest" time="4.085"/>
  <testcase classname="MyTests" name="FooterPictureTest" time="1.349"/>
  <testcase classname="MyTests" name="FooterPictureTest" time="0.828"/>
  <testcase classname="MyTests" name="FooterPictureTest" time="0.611"/>
  <testcase classname="MyTests" name="FooterPictureTest" time="0.708"/>
  <testcase classname="MyTests" name="currencyTest" time="0.74"/>
  <testcase classname="MyTests" name="currencyTest" time="0.643"/>
  <testcase classname="MyTests" name="currencyTest" time="0.799"/>
  <testcase classname="MyTests" name="currencyTest" time="1.116"/>
  <testcase classname="MyTests" name="currencyTest" time="0.662"/>
</testsuite> <!-- Default test -->
