<?xml version="1.0" encoding="UTF-8"?>
<testng-results ignored="0" total="10" passed="10" failed="0" skipped="0">
  <reporter-output>
  </reporter-output>
  <suite started-at="2023-02-15T22:56:32 GST" name="Default suite" finished-at="2023-02-15T22:56:43 GST" duration-ms="11586">
    <groups>
    </groups>
    <test started-at="2023-02-15T22:56:32 GST" name="Default test" finished-at="2023-02-15T22:56:43 GST" duration-ms="11586">
      <class name="MyTests">
        <test-method is-config="true" signature="mySetUp()[pri:0, instance:MyTests@68105edc]" started-at="2023-02-15T22:56:32 GST" name="mySetUp" finished-at="2023-02-15T22:56:32 GST" duration-ms="6" status="PASS">
          <reporter-output>
          </reporter-output>
        </test-method> <!-- mySetUp -->
        <test-method signature="FooterPictureTest()[pri:0, instance:MyTests@68105edc]" started-at="2023-02-15T22:56:32 GST" name="FooterPictureTest" finished-at="2023-02-15T22:56:36 GST" duration-ms="4085" status="PASS">
          <reporter-output>
          </reporter-output>
        </test-method> <!-- FooterPictureTest -->
        <test-method signature="FooterPictureTest()[pri:0, instance:MyTests@68105edc]" started-at="2023-02-15T22:56:36 GST" name="FooterPictureTest" finished-at="2023-02-15T22:56:37 GST" duration-ms="1349" status="PASS">
          <reporter-output>
          </reporter-output>
        </test-method> <!-- FooterPictureTest -->
        <test-method signature="FooterPictureTest()[pri:0, instance:MyTests@68105edc]" started-at="2023-02-15T22:56:37 GST" name="FooterPictureTest" finished-at="2023-02-15T22:56:38 GST" duration-ms="828" status="PASS">
          <reporter-output>
          </reporter-output>
        </test-method> <!-- FooterPictureTest -->
        <test-method signature="FooterPictureTest()[pri:0, instance:MyTests@68105edc]" started-at="2023-02-15T22:56:38 GST" name="FooterPictureTest" finished-at="2023-02-15T22:56:39 GST" duration-ms="611" status="PASS">
          <reporter-output>
          </reporter-output>
        </test-method> <!-- FooterPictureTest -->
        <test-method signature="FooterPictureTest()[pri:0, instance:MyTests@68105edc]" started-at="2023-02-15T22:56:39 GST" name="FooterPictureTest" finished-at="2023-02-15T22:56:39 GST" duration-ms="708" status="PASS">
          <reporter-output>
          </reporter-output>
        </test-method> <!-- FooterPictureTest -->
        <test-method signature="currencyTest()[pri:0, instance:MyTests@68105edc]" started-at="2023-02-15T22:56:39 GST" name="currencyTest" finished-at="2023-02-15T22:56:40 GST" duration-ms="740" status="PASS">
          <reporter-output>
          </reporter-output>
        </test-method> <!-- currencyTest -->
        <test-method signature="currencyTest()[pri:0, instance:MyTests@68105edc]" started-at="2023-02-15T22:56:40 GST" name="currencyTest" finished-at="2023-02-15T22:56:41 GST" duration-ms="643" status="PASS">
          <reporter-output>
          </reporter-output>
        </test-method> <!-- currencyTest -->
        <test-method signature="currencyTest()[pri:0, instance:MyTests@68105edc]" started-at="2023-02-15T22:56:41 GST" name="currencyTest" finished-at="2023-02-15T22:56:42 GST" duration-ms="799" status="PASS">
          <reporter-output>
          </reporter-output>
        </test-method> <!-- currencyTest -->
        <test-method signature="currencyTest()[pri:0, instance:MyTests@68105edc]" started-at="2023-02-15T22:56:42 GST" name="currencyTest" finished-at="2023-02-15T22:56:43 GST" duration-ms="1116" status="PASS">
          <reporter-output>
          </reporter-output>
        </test-method> <!-- currencyTest -->
        <test-method signature="currencyTest()[pri:0, instance:MyTests@68105edc]" started-at="2023-02-15T22:56:43 GST" name="currencyTest" finished-at="2023-02-15T22:56:43 GST" duration-ms="662" status="PASS">
          <reporter-output>
          </reporter-output>
        </test-method> <!-- currencyTest -->
      </class> <!-- MyTests -->
    </test> <!-- Default test -->
  </suite> <!-- Default suite -->
</testng-results>
